
7월 19, 2020 18:27:11.490 NEW SESSION
7월 19, 2020 18:27:11.491 [12228:18900:0719/182711.487:ERROR:data_pack.cc(120)] Could not open pak file for writing: 요청한 작업은, 사용자가 매핑한 구역이 열려 있는 상태인 파일에서 수행할 수 없습니다. (0x4C8)
7월 19, 2020 18:27:27.66 [12228:20132:0719/182727.065:ERROR:CONSOLE(0)] "Blocked script execution in 'data:text/html,%3C!DOCTYPE%20html%3E%0D%0A%3Chtml%3E%0D%0A%3Chead%3E%0D%0A%3Cmeta%20charset=%22UTF-8%22%3E%0D%0A%3Ctitle%3EInsert%20title%20here%3C/title%3E%0D%0A%3Cscript%20type=%22text/javascript%22%3E%0D%0A%0D%0Avar%20table,%20xhr;%0D%0A%0D%0Awindow.onload=function()%7B%0D%0A%09%09table%20=%20document.querySelector(%22table%22);%0D%0A%09%09xhr%20=%20new%20XMLHttpRequest();%0D%0A%09%09xhr.onreadystatechange=function()%7B%0D%0A%09%09%09if(xhr.readyState==4&&xhr.status==200)%7B%0D%0A%09%09%09%09var%20json%...09%09%09%09msg+=%22%3Ctd%3E%22+arr%5Bi%5D.eng+%22%3C/td%3E%22;%0D%0A%09%09%09%09%09msg+=%22%3Ctd%3E%22+arr%5Bi%5D.math+%22%3C/td%3E%22;%0D%0A%09%09%09%09%09msg+=%22%3C/tr%3E%22;%0D%0A%09%09%09%09%7D//for%0D%0A%09%09%09%09table.innerHTML=msg;%0D%0A%09%09%09%7D//if%0D%0A%09%09%7D;%0D%0A%09%09xhr.open('get','stujson');%0D%0A%09%09xhr.send();%0D%0A%7D%0D%0A%0D%0A%3C/script%3E%0D%0A%0D%0A%3C/head%3E%0D%0A%3Cbody%3E%0D%0A%0D%0A%09%3Ch1%3EJSON%3C/h1%3E%0D%0A%09%3Ctable/%3E%0D%0A%0D%0A%3C/body%3E%0D%0A%3C/html%3E' because the document's frame is sandboxed and the 'allow-scripts' permission is not set.", source: data:text/html,%3C!DOCTYPE%20html%3E%0D%0A%3Chtml%3E%0D%0A%3Chead%3E%0D%0A%3Cmeta%20charset=%22UTF-8%22%3E%0D%0A%3Ctitle%3EInsert%20title%20here%3C/title%3E%0D%0A%3Cscript%20type=%22text/javascript%22%3E%0D%0A%0D%0Avar%20table,%20xhr;%0D%0A%0D%0Awindow.onload=function()%7B%0D%0A%09%09table%20=%20document.querySelector(%22table%22);%0D%0A%09%09xhr%20=%20new%20XMLHttpRequest();%0D%0A%09%09xhr.onreadystatechange=function()%7B%0D%0A%09%09%09if(xhr.readyState==4&&xhr.status==200)%7B%0D%0A%09%09%09%09var%20json%20=%20xhr.responseText;%0D%0A%09%09%09%09var%20obj%20=%20JSON.parse(json);%0D%0A%09%09%09%09var%20arr%20=%20obj.students;%0D%0A%09%09%09%09var%20msg%20=%20%22%3Ctr%3E%3Cth%3E%ED%95%99%EB%B2%88%3C/th%3E%3Cth%3E%EC%9D%B4%EB%A6%84%3C/th%3E%3Cth%3E%EC%88%98%ED%95%99%3C/th%3E%3Cth%3E%EC%98%81%EC%96%B4%3C/th%3E%3Cth%3E%EC%88%98%ED%95%99%3C/th%3E%3C/tr%3E%22;%0D%0A%09%09%09%09for%20(var%20i%20=%200;%20i%20%3C%20arr.length;%20i++)%20%7B%0D%0A%09%09%09%09%09msg+=%22%3Ctr%20align='center'%3E%22;%0D%0A%09%09%09%09%09msg+=%22%3Ctd%3E%22+arr%5Bi%5D.num+%22%3C/td%3E%22;%0D%0A%09%09%09%09%09msg+=%22%3Ctd%3E%22+arr%5Bi%5D.name+%22%3C/td%3E%22;%0D%0A%09%09%09%09%09msg+=%22%3Ctd%3E%22+arr%5Bi%5D.kor+%22%3C/td%3E%22;%0D%0A%09%09%09%09%09msg+=%22%3Ctd%3E%22+arr%5Bi%5D.eng+%22%3C/td%3E%22;%0D%0A%09%09%09%09%09msg+=%22%3Ctd%3E%22+arr%5Bi%5D.math+%22%3C/td%3E%22;%0D%0A%09%09%09%09%09msg+=%22%3C/tr%3E%22;%0D%0A%09%09%09%09%7D//for%0D%0A%09%09%09%09table.innerHTML=msg;%0D%0A%09%09%09%7D//if%0D%0A%09%09%7D;%0D%0A%09%09xhr.open('get','stujson');%0D%0A%09%09xhr.send();%0D%0A%7D%0D%0A%0D%0A%3C/script%3E%0D%0A%0D%0A%3C/head%3E%0D%0A%3Cbody%3E%0D%0A%0D%0A%09%3Ch1%3EJSON%3C/h1%3E%0D%0A%09%3Ctable/%3E%0D%0A%0D%0A%3C/body%3E%0D%0A%3C/html%3E (0)
7월 19, 2020 18:35:34.818 [12228:20132:0719/183534.818:ERROR:CONSOLE(0)] "Blocked script execution in 'data:text/html,%3C!DOCTYPE%20html%3E%0D%0A%3Chtml%3E%0D%0A%3Chead%3E%0D%0A%3Cmeta%20charset=%22UTF-8%22%3E%0D%0A%3Ctitle%3EInsert%20title%20here%3C/title%3E%0D%0A%3Cscript%20type=%22text/javascript%22%3E%0D%0A%0D%0Avar%20table,%20xhr;%0D%0A%0D%0Awindow.onload=function()%7B%0D%0A%09%09table%20=%20document.querySelector(%22table%22);%0D%0A%09%09xhr%20=%20new%20XMLHttpRequest();%0D%0A%09%09xhr.onreadystatechange=function()%7B%0D%0A%09%09%09if(xhr.readyState==4&&xhr.status==200)%7B%0D%0A%09%09%09%09var%20json%...09%09%09%09msg+=%22%3Ctd%3E%22+arr%5Bi%5D.eng+%22%3C/td%3E%22;%0D%0A%09%09%09%09%09msg+=%22%3Ctd%3E%22+arr%5Bi%5D.math+%22%3C/td%3E%22;%0D%0A%09%09%09%09%09msg+=%22%3C/tr%3E%22;%0D%0A%09%09%09%09%7D//for%0D%0A%09%09%09%09table.innerHTML=msg;%0D%0A%09%09%09%7D//if%0D%0A%09%09%7D;%0D%0A%09%09xhr.open('get','stujson');%0D%0A%09%09xhr.send();%0D%0A%7D%0D%0A%0D%0A%3C/script%3E%0D%0A%0D%0A%3C/head%3E%0D%0A%3Cbody%3E%0D%0A%0D%0A%09%3Ch1%3EJSON%3C/h1%3E%0D%0A%09%3Ctable/%3E%0D%0A%0D%0A%3C/body%3E%0D%0A%3C/html%3E' because the document's frame is sandboxed and the 'allow-scripts' permission is not set.", source: data:text/html,%3C!DOCTYPE%20html%3E%0D%0A%3Chtml%3E%0D%0A%3Chead%3E%0D%0A%3Cmeta%20charset=%22UTF-8%22%3E%0D%0A%3Ctitle%3EInsert%20title%20here%3C/title%3E%0D%0A%3Cscript%20type=%22text/javascript%22%3E%0D%0A%0D%0Avar%20table,%20xhr;%0D%0A%0D%0Awindow.onload=function()%7B%0D%0A%09%09table%20=%20document.querySelector(%22table%22);%0D%0A%09%09xhr%20=%20new%20XMLHttpRequest();%0D%0A%09%09xhr.onreadystatechange=function()%7B%0D%0A%09%09%09if(xhr.readyState==4&&xhr.status==200)%7B%0D%0A%09%09%09%09var%20json%20=%20xhr.responseText;%0D%0A%09%09%09%09var%20obj%20=%20JSON.parse(json);%0D%0A%09%09%09%09var%20arr%20=%20obj.students;%0D%0A%09%09%09%09var%20msg%20=%20%22%3Ctr%3E%3Cth%3E%ED%95%99%EB%B2%88%3C/th%3E%3Cth%3E%EC%9D%B4%EB%A6%84%3C/th%3E%3Cth%3E%EC%88%98%ED%95%99%3C/th%3E%3Cth%3E%EC%98%81%EC%96%B4%3C/th%3E%3Cth%3E%EC%88%98%ED%95%99%3C/th%3E%3C/tr%3E%22;%0D%0A%09%09%09%09for%20(var%20i%20=%200;%20i%20%3C%20arr.length;%20i++)%20%7B%0D%0A%09%09%09%09%09msg+=%22%3Ctr%20align='center'%3E%22;%0D%0A%09%09%09%09%09msg+=%22%3Ctd%3E%22+arr%5Bi%5D.num+%22%3C/td%3E%22;%0D%0A%09%09%09%09%09msg+=%22%3Ctd%3E%22+arr%5Bi%5D.name+%22%3C/td%3E%22;%0D%0A%09%09%09%09%09msg+=%22%3Ctd%3E%22+arr%5Bi%5D.kor+%22%3C/td%3E%22;%0D%0A%09%09%09%09%09msg+=%22%3Ctd%3E%22+arr%5Bi%5D.eng+%22%3C/td%3E%22;%0D%0A%09%09%09%09%09msg+=%22%3Ctd%3E%22+arr%5Bi%5D.math+%22%3C/td%3E%22;%0D%0A%09%09%09%09%09msg+=%22%3C/tr%3E%22;%0D%0A%09%09%09%09%7D//for%0D%0A%09%09%09%09table.innerHTML=msg;%0D%0A%09%09%09%7D//if%0D%0A%09%09%7D;%0D%0A%09%09xhr.open('get','stujson');%0D%0A%09%09xhr.send();%0D%0A%7D%0D%0A%0D%0A%3C/script%3E%0D%0A%0D%0A%3C/head%3E%0D%0A%3Cbody%3E%0D%0A%0D%0A%09%3Ch1%3EJSON%3C/h1%3E%0D%0A%09%3Ctable/%3E%0D%0A%0D%0A%3C/body%3E%0D%0A%3C/html%3E (0)
7월 19, 2020 18:35:34.905 [12228:20132:0719/183534.903:ERROR:CONSOLE(0)] "Blocked script execution in 'data:text/html,%3C!DOCTYPE%20html%3E%0D%0A%3Chtml%3E%0D%0A%3Chead%3E%0D%0A%3Cmeta%20charset=%22UTF-8%22%3E%0D%0A%3Ctitle%3EInsert%20title%20here%3C/title%3E%0D%0A%3Cscript%20type=%22text/javascript%22%3E%0D%0A%0D%0Avar%20table,%20xhr;%0D%0A%0D%0Awindow.onload=function()%7B%0D%0A%09%09table%20=%20document.querySelector(%22table%22);%0D%0A%09%09xhr%20=%20new%20XMLHttpRequest();%0D%0A%09%09xhr.onreadystatechange=function()%7B%0D%0A%09%09%09if(xhr.readyState==4&&xhr.status==200)%7B%0D%0A%09%09%09%09var%20json%...09%09%09%09msg+=%22%3Ctd%3E%22+arr%5Bi%5D.eng+%22%3C/td%3E%22;%0D%0A%09%09%09%09%09msg+=%22%3Ctd%3E%22+arr%5Bi%5D.math+%22%3C/td%3E%22;%0D%0A%09%09%09%09%09msg+=%22%3C/tr%3E%22;%0D%0A%09%09%09%09%7D//for%0D%0A%09%09%09%09table.innerHTML=msg;%0D%0A%09%09%09%7D//if%0D%0A%09%09%7D;%0D%0A%09%09xhr.open('get','stujson');%0D%0A%09%09xhr.send();%0D%0A%7D%0D%0A%0D%0A%3C/script%3E%0D%0A%0D%0A%3C/head%3E%0D%0A%3Cbody%3E%0D%0A%0D%0A%09%3Ch1%3EJSON%3C/h1%3E%0D%0A%09%3Ctable/%3E%0D%0A%0D%0A%3C/body%3E%0D%0A%3C/html%3E' because the document's frame is sandboxed and the 'allow-scripts' permission is not set.", source: data:text/html,%3C!DOCTYPE%20html%3E%0D%0A%3Chtml%3E%0D%0A%3Chead%3E%0D%0A%3Cmeta%20charset=%22UTF-8%22%3E%0D%0A%3Ctitle%3EInsert%20title%20here%3C/title%3E%0D%0A%3Cscript%20type=%22text/javascript%22%3E%0D%0A%0D%0Avar%20table,%20xhr;%0D%0A%0D%0Awindow.onload=function()%7B%0D%0A%09%09table%20=%20document.querySelector(%22table%22);%0D%0A%09%09xhr%20=%20new%20XMLHttpRequest();%0D%0A%09%09xhr.onreadystatechange=function()%7B%0D%0A%09%09%09if(xhr.readyState==4&&xhr.status==200)%7B%0D%0A%09%09%09%09var%20json%20=%20xhr.responseText;%0D%0A%09%09%09%09var%20obj%20=%20JSON.parse(json);%0D%0A%09%09%09%09var%20arr%20=%20obj.students;%0D%0A%09%09%09%09var%20msg%20=%20%22%3Ctr%3E%3Cth%3E%ED%95%99%EB%B2%88%3C/th%3E%3Cth%3E%EC%9D%B4%EB%A6%84%3C/th%3E%3Cth%3E%EC%88%98%ED%95%99%3C/th%3E%3Cth%3E%EC%98%81%EC%96%B4%3C/th%3E%3Cth%3E%EC%88%98%ED%95%99%3C/th%3E%3C/tr%3E%22;%0D%0A%09%09%09%09for%20(var%20i%20=%200;%20i%20%3C%20arr.length;%20i++)%20%7B%0D%0A%09%09%09%09%09msg+=%22%3Ctr%20align='center'%3E%22;%0D%0A%09%09%09%09%09msg+=%22%3Ctd%3E%22+arr%5Bi%5D.num+%22%3C/td%3E%22;%0D%0A%09%09%09%09%09msg+=%22%3Ctd%3E%22+arr%5Bi%5D.name+%22%3C/td%3E%22;%0D%0A%09%09%09%09%09msg+=%22%3Ctd%3E%22+arr%5Bi%5D.kor+%22%3C/td%3E%22;%0D%0A%09%09%09%09%09msg+=%22%3Ctd%3E%22+arr%5Bi%5D.eng+%22%3C/td%3E%22;%0D%0A%09%09%09%09%09msg+=%22%3Ctd%3E%22+arr%5Bi%5D.math+%22%3C/td%3E%22;%0D%0A%09%09%09%09%09msg+=%22%3C/tr%3E%22;%0D%0A%09%09%09%09%7D//for%0D%0A%09%09%09%09table.innerHTML=msg;%0D%0A%09%09%09%7D//if%0D%0A%09%09%7D;%0D%0A%09%09xhr.open('get','stujson');%0D%0A%09%09xhr.send();%0D%0A%7D%0D%0A%0D%0A%3C/script%3E%0D%0A%0D%0A%3C/head%3E%0D%0A%3Cbody%3E%0D%0A%0D%0A%09%3Ch1%3EJSON%3C/h1%3E%0D%0A%09%3Ctable/%3E%0D%0A%0D%0A%3C/body%3E%0D%0A%3C/html%3E (0)

7월 24, 2020 07:34:09.254 NEW SESSION
7월 24, 2020 07:34:09.254 
7월 24, 2020 07:34:09.255 ###!!! [Child][RunMessage] Error: Channel closing: too late to send/recv, messages will be lost
7월 24, 2020 07:34:09.255 
7월 24, 2020 07:34:09.305 
7월 24, 2020 07:34:09.307 ###!!! [Child][MessageChannel::SendAndWait] Error: Channel error: cannot send/recv
7월 24, 2020 07:34:09.308 
7월 24, 2020 07:38:51.549 
7월 24, 2020 07:38:51.551 ###!!! [Child][MessageChannel::SendAndWait] Error: Channel error: cannot send/recv
7월 24, 2020 07:38:51.551 

7월 24, 2020 20:43:08.285 NEW SESSION
7월 24, 2020 20:43:08.285 
7월 24, 2020 20:43:08.286 ###!!! [Child][RunMessage] Error: Channel closing: too late to send/recv, messages will be lost
7월 24, 2020 20:43:08.286 
7월 24, 2020 20:55:09.121 
7월 24, 2020 20:55:09.122 ###!!! [Child][RunMessage] Error: Channel closing: too late to send/recv, messages will be lost
7월 24, 2020 20:55:09.124 
7월 24, 2020 20:55:09.179 
7월 24, 2020 20:55:09.181 ###!!! [Child][MessageChannel::SendAndWait] Error: Channel error: cannot send/recv
7월 24, 2020 20:55:09.182 

7월 25, 2020 20:45:12.410 NEW SESSION
7월 25, 2020 20:45:12.410 
7월 25, 2020 20:45:12.411 ###!!! [Child][RunMessage] Error: Channel closing: too late to send/recv, messages will be lost
7월 25, 2020 20:45:12.412 
7월 25, 2020 20:45:12.449 
7월 25, 2020 20:45:12.450 ###!!! [Child][MessageChannel::SendAndWait] Error: Channel error: cannot send/recv
7월 25, 2020 20:45:12.452 
7월 25, 2020 20:52:30.288 
7월 25, 2020 20:52:30.289 ###!!! [Child][RunMessage] Error: Channel closing: too late to send/recv, messages will be lost
7월 25, 2020 20:52:30.290 
7월 25, 2020 20:52:30.416 
7월 25, 2020 20:52:30.417 ###!!! [Child][RunMessage] Error: Channel closing: too late to send/recv, messages will be lost
7월 25, 2020 20:52:30.418 
7월 25, 2020 20:52:30.420 
7월 25, 2020 20:52:30.420 ###!!! [Child][RunMessage] Error: Channel closing: too late to send/recv, messages will be lost
7월 25, 2020 20:52:30.421 
7월 25, 2020 20:52:30.448 
7월 25, 2020 20:52:30.449 ###!!! [Child][MessageChannel::SendAndWait] Error: Channel error: cannot send/recv
7월 25, 2020 20:52:30.450 
7월 26, 2020 06:21:13.480 [Child 15476, Chrome_ChildThread] WARNING: pipe error: 232: file /builds/worker/checkouts/gecko/ipc/chromium/src/chrome/common/ipc_channel_win.cc, line 524
7월 26, 2020 06:21:13.597 
7월 26, 2020 06:21:13.598 ###!!! [Child][RunMessage] Error: Channel closing: too late to send/recv, messages will be lost
7월 26, 2020 06:21:13.599 
7월 26, 2020 06:21:13.655 
7월 26, 2020 06:21:13.656 ###!!! [Child][MessageChannel::SendAndWait] Error: Channel error: cannot send/recv
7월 26, 2020 06:21:13.657 
7월 26, 2020 06:21:46.132 
7월 26, 2020 06:21:46.133 ###!!! [Child][RunMessage] Error: Channel closing: too late to send/recv, messages will be lost
7월 26, 2020 06:21:46.133 
7월 26, 2020 06:21:46.187 
7월 26, 2020 06:21:46.188 ###!!! [Child][MessageChannel::SendAndWait] Error: Channel error: cannot send/recv
7월 26, 2020 06:21:46.189 
7월 26, 2020 06:24:15.114 
7월 26, 2020 06:24:15.115 ###!!! [Child][RunMessage] Error: Channel closing: too late to send/recv, messages will be lost
7월 26, 2020 06:24:15.117 
7월 26, 2020 06:24:15.150 
7월 26, 2020 06:24:15.150 ###!!! [Child][MessageChannel::SendAndWait] Error: Channel error: cannot send/recv
7월 26, 2020 06:24:15.152 
7월 26, 2020 06:25:07.643 
7월 26, 2020 06:25:07.645 ###!!! [Child][RunMessage] Error: Channel closing: too late to send/recv, messages will be lost
7월 26, 2020 06:25:07.645 
7월 26, 2020 06:25:07.826 
7월 26, 2020 06:25:07.827 ###!!! [Child][RunMessage] Error: Channel closing: too late to send/recv, messages will be lost
7월 26, 2020 06:25:07.827 
7월 26, 2020 06:25:07.890 
7월 26, 2020 06:25:07.891 ###!!! [Child][MessageChannel::SendAndWait] Error: Channel error: cannot send/recv
7월 26, 2020 06:25:07.892 
7월 26, 2020 06:31:50.980 
7월 26, 2020 06:31:50.981 ###!!! [Child][RunMessage] Error: Channel closing: too late to send/recv, messages will be lost
7월 26, 2020 06:31:50.981 
7월 26, 2020 06:31:51.190 
7월 26, 2020 06:31:51.192 ###!!! [Child][MessageChannel::SendAndWait] Error: Channel error: cannot send/recv
7월 26, 2020 06:31:51.192 
7월 26, 2020 06:32:32.621 
7월 26, 2020 06:32:32.621 ###!!! [Child][RunMessage] Error: Channel closing: too late to send/recv, messages will be lost
7월 26, 2020 06:32:32.622 
7월 26, 2020 06:32:32.740 
7월 26, 2020 06:32:32.741 ###!!! [Child][MessageChannel::SendAndWait] Error: Channel error: cannot send/recv
7월 26, 2020 06:32:32.741 
7월 26, 2020 06:52:32.730 
7월 26, 2020 06:52:32.730 ###!!! [Child][RunMessage] Error: Channel closing: too late to send/recv, messages will be lost
7월 26, 2020 06:52:32.731 
7월 26, 2020 06:52:32.972 
7월 26, 2020 06:52:32.974 ###!!! [Child][MessageChannel::SendAndWait] Error: Channel error: cannot send/recv
7월 26, 2020 06:52:32.974 
7월 26, 2020 06:57:48.566 
7월 26, 2020 06:57:48.567 ###!!! [Child][RunMessage] Error: Channel closing: too late to send/recv, messages will be lost
7월 26, 2020 06:57:48.568 
7월 26, 2020 06:57:48.732 
7월 26, 2020 06:57:48.734 ###!!! [Child][MessageChannel::SendAndWait] Error: Channel error: cannot send/recv
7월 26, 2020 06:57:48.735 
7월 26, 2020 07:02:56.939 
7월 26, 2020 07:02:56.941 ###!!! [Child][MessageChannel::SendAndWait] Error: Channel error: cannot send/recv
7월 26, 2020 07:02:56.942 
7월 26, 2020 07:06:31.272 
7월 26, 2020 07:06:31.273 ###!!! [Child][RunMessage] Error: Channel closing: too late to send/recv, messages will be lost
7월 26, 2020 07:06:31.274 
7월 26, 2020 07:06:31.326 
7월 26, 2020 07:06:31.327 ###!!! [Child][MessageChannel::SendAndWait] Error: Channel error: cannot send/recv
7월 26, 2020 07:06:31.328 

7월 26, 2020 07:17:05.350 NEW SESSION
7월 26, 2020 07:17:05.350 
7월 26, 2020 07:17:05.350 ###!!! [Child][MessageChannel] Error: (msgtype=0x5A000D,name=PHttpChannel::Msg_DeletingChannel) Channel closing: too late to send/recv, messages will be lost
7월 26, 2020 07:17:05.351 
7월 26, 2020 07:17:05.351 
7월 26, 2020 07:17:05.352 ###!!! [Child][MessageChannel] Error: (msgtype=0x5A000D,name=PHttpChannel::Msg_DeletingChannel) Channel closing: too late to send/recv, messages will be lost
7월 26, 2020 07:17:05.353 
7월 26, 2020 07:17:05.354 
7월 26, 2020 07:17:05.354 ###!!! [Child][MessageChannel] Error: (msgtype=0x5A000D,name=PHttpChannel::Msg_DeletingChannel) Channel closing: too late to send/recv, messages will be lost
7월 26, 2020 07:17:05.355 
7월 26, 2020 07:17:05.356 
7월 26, 2020 07:17:05.356 ###!!! [Child][MessageChannel] Error: (msgtype=0x5A000D,name=PHttpChannel::Msg_DeletingChannel) Channel closing: too late to send/recv, messages will be lost
7월 26, 2020 07:17:05.357 
7월 26, 2020 07:17:05.357 
7월 26, 2020 07:17:05.358 ###!!! [Child][RunMessage] Error: Channel closing: too late to send/recv, messages will be lost
7월 26, 2020 07:17:05.359 
7월 26, 2020 07:17:05.359 
7월 26, 2020 07:17:05.360 ###!!! [Child][RunMessage] Error: Channel closing: too late to send/recv, messages will be lost
7월 26, 2020 07:17:05.360 
7월 26, 2020 07:17:05.361 
7월 26, 2020 07:17:05.362 ###!!! [Child][RunMessage] Error: Channel closing: too late to send/recv, messages will be lost
7월 26, 2020 07:17:05.362 
7월 26, 2020 07:17:45.619 
7월 26, 2020 07:17:45.620 ###!!! [Child][MessageChannel::SendAndWait] Error: Channel error: cannot send/recv
7월 26, 2020 07:17:45.621 
7월 26, 2020 07:24:34.28 
7월 26, 2020 07:24:34.28 ###!!! [Child][RunMessage] Error: Channel closing: too late to send/recv, messages will be lost
7월 26, 2020 07:24:34.29 
7월 26, 2020 07:24:34.86 [Parent 17356, Gecko_IOThread] WARNING: file /builds/worker/checkouts/gecko/ipc/chromium/src/base/process_util_win.cc, line 166
7월 26, 2020 07:24:34.367 
7월 26, 2020 07:24:34.371 ###!!! [Child][MessageChannel::SendAndWait] Error: Channel error: cannot send/recv
7월 26, 2020 07:24:34.371 
7월 26, 2020 08:22:26.937 [Child 18640, Chrome_ChildThread] WARNING: pipe error: 232: file /builds/worker/checkouts/gecko/ipc/chromium/src/chrome/common/ipc_channel_win.cc, line 524
7월 26, 2020 08:22:27.113 
7월 26, 2020 08:22:27.114 ###!!! [Child][RunMessage] Error: Channel closing: too late to send/recv, messages will be lost
7월 26, 2020 08:22:27.115 
7월 26, 2020 08:22:27.217 
7월 26, 2020 08:22:27.217 ###!!! [Child][MessageChannel::SendAndWait] Error: Channel error: cannot send/recv
7월 26, 2020 08:22:27.218 
7월 26, 2020 08:25:03.574 
7월 26, 2020 08:25:03.575 ###!!! [Child][RunMessage] Error: Channel closing: too late to send/recv, messages will be lost
7월 26, 2020 08:25:03.576 
7월 26, 2020 08:25:03.627 
7월 26, 2020 08:25:03.628 ###!!! [Child][MessageChannel::SendAndWait] Error: Channel error: cannot send/recv
7월 26, 2020 08:25:03.629 
7월 26, 2020 08:30:46.816 
7월 26, 2020 08:30:46.818 ###!!! [Child][MessageChannel::SendAndWait] Error: Channel error: cannot send/recv
7월 26, 2020 08:30:46.819 
7월 26, 2020 08:31:25.268 
7월 26, 2020 08:31:25.269 ###!!! [Child][MessageChannel::SendAndWait] Error: Channel error: cannot send/recv
7월 26, 2020 08:31:25.270 
7월 26, 2020 09:14:42.535 
7월 26, 2020 09:14:42.536 ###!!! [Child][RunMessage] Error: Channel closing: too late to send/recv, messages will be lost
7월 26, 2020 09:14:42.536 
7월 26, 2020 09:14:42.630 
7월 26, 2020 09:14:42.632 ###!!! [Child][MessageChannel::SendAndWait] Error: Channel error: cannot send/recv
7월 26, 2020 09:14:42.632 
7월 26, 2020 09:16:20.486 
7월 26, 2020 09:16:20.487 ###!!! [Child][RunMessage] Error: Channel closing: too late to send/recv, messages will be lost
7월 26, 2020 09:16:20.487 
7월 26, 2020 09:16:20.547 
7월 26, 2020 09:16:20.549 ###!!! [Child][MessageChannel::SendAndWait] Error: Channel error: cannot send/recv
7월 26, 2020 09:16:20.550 
7월 26, 2020 09:17:48.718 
7월 26, 2020 09:17:48.719 ###!!! [Child][RunMessage] Error: Channel closing: too late to send/recv, messages will be lost
7월 26, 2020 09:17:48.719 
7월 26, 2020 09:17:48.777 
7월 26, 2020 09:17:48.778 ###!!! [Child][MessageChannel::SendAndWait] Error: Channel error: cannot send/recv
7월 26, 2020 09:17:48.780 
7월 26, 2020 10:34:37.153 
7월 26, 2020 10:34:37.154 ###!!! [Child][MessageChannel::SendAndWait] Error: Channel error: cannot send/recv
7월 26, 2020 10:34:37.155 
7월 26, 2020 12:21:36.598 
7월 26, 2020 12:21:36.599 ###!!! [Child][RunMessage] Error: Channel closing: too late to send/recv, messages will be lost
7월 26, 2020 12:21:36.599 
7월 26, 2020 12:21:36.688 
7월 26, 2020 12:21:36.688 ###!!! [Child][MessageChannel::SendAndWait] Error: Channel error: cannot send/recv
7월 26, 2020 12:21:36.691 

7월 26, 2020 20:19:56.916 NEW SESSION
7월 26, 2020 20:19:56.917 
7월 26, 2020 20:19:56.918 ###!!! [Child][MessageChannel::SendAndWait] Error: Channel error: cannot send/recv
7월 26, 2020 20:19:56.918 
7월 26, 2020 22:15:37.864 
7월 26, 2020 22:15:37.867 ###!!! [Child][RunMessage] Error: Channel closing: too late to send/recv, messages will be lost
7월 26, 2020 22:15:37.867 
7월 26, 2020 22:15:37.996 
7월 26, 2020 22:15:38.01 ###!!! [Child][MessageChannel::SendAndWait] Error: Channel error: cannot send/recv
7월 26, 2020 22:15:38.02 
7월 26, 2020 22:36:26.871 _create_dc_and_bitmap: 작업을 완료했습니다.
7월 26, 2020 22:36:26.872 
7월 26, 2020 23:13:16.794 
7월 26, 2020 23:13:16.802 ###!!! [Child][MessageChannel::SendAndWait] Error: Channel error: cannot send/recv
7월 26, 2020 23:13:16.802 
7월 26, 2020 23:28:53.556 
7월 26, 2020 23:28:53.557 ###!!! [Child][RunMessage] Error: Channel closing: too late to send/recv, messages will be lost
7월 26, 2020 23:28:53.558 
7월 26, 2020 23:28:53.643 
7월 26, 2020 23:28:53.644 ###!!! [Child][MessageChannel::SendAndWait] Error: Channel error: cannot send/recv
7월 26, 2020 23:28:53.645 

7월 27, 2020 21:49:04.458 NEW SESSION
7월 27, 2020 21:49:04.458 
7월 27, 2020 21:49:04.459 ###!!! [Child][RunMessage] Error: Channel closing: too late to send/recv, messages will be lost
7월 27, 2020 21:49:04.459 
7월 27, 2020 21:49:04.524 
7월 27, 2020 21:49:04.525 ###!!! [Child][MessageChannel::SendAndWait] Error: Channel error: cannot send/recv
7월 27, 2020 21:49:04.526 
7월 28, 2020 01:05:24.89 
7월 28, 2020 01:05:24.89 ###!!! [Child][RunMessage] Error: Channel closing: too late to send/recv, messages will be lost
7월 28, 2020 01:05:24.90 
7월 28, 2020 01:05:24.196 
7월 28, 2020 01:05:24.197 ###!!! [Child][MessageChannel::SendAndWait] Error: Channel error: cannot send/recv
7월 28, 2020 01:05:24.198 
7월 28, 2020 06:18:31.554 
7월 28, 2020 06:18:31.555 ###!!! [Child][MessageChannel::SendAndWait] Error: Channel error: cannot send/recv
7월 28, 2020 06:18:31.556 
7월 28, 2020 13:55:29.418 
7월 28, 2020 13:55:29.422 ###!!! [Child][MessageChannel::SendAndWait] Error: Channel error: cannot send/recv
7월 28, 2020 13:55:29.422 
7월 28, 2020 18:07:34.99 
7월 28, 2020 18:07:34.100 ###!!! [Child][RunMessage] Error: Channel closing: too late to send/recv, messages will be lost
7월 28, 2020 18:07:34.101 
7월 28, 2020 18:07:34.202 
7월 28, 2020 18:07:34.205 ###!!! [Child][MessageChannel::SendAndWait] Error: Channel error: cannot send/recv
7월 28, 2020 18:07:34.206 
7월 28, 2020 19:08:22.695 
7월 28, 2020 19:08:22.696 ###!!! [Child][RunMessage] Error: Channel closing: too late to send/recv, messages will be lost
7월 28, 2020 19:08:22.697 
7월 28, 2020 19:08:22.797 
7월 28, 2020 19:08:22.800 ###!!! [Child][MessageChannel::SendAndWait] Error: Channel error: cannot send/recv
7월 28, 2020 19:08:22.800 
7월 28, 2020 19:53:31.285 
7월 28, 2020 19:53:31.285 ###!!! [Child][RunMessage] Error: Channel closing: too late to send/recv, messages will be lost
7월 28, 2020 19:53:31.286 
7월 28, 2020 19:53:31.392 
7월 28, 2020 19:53:31.396 ###!!! [Child][MessageChannel::SendAndWait] Error: Channel error: cannot send/recv
7월 28, 2020 19:53:31.396 
7월 28, 2020 20:37:55.112 
7월 28, 2020 20:37:55.113 ###!!! [Child][RunMessage] Error: Channel closing: too late to send/recv, messages will be lost
7월 28, 2020 20:37:55.114 
7월 28, 2020 20:37:55.224 
7월 28, 2020 20:37:55.226 ###!!! [Child][MessageChannel::SendAndWait] Error: Channel error: cannot send/recv
7월 28, 2020 20:37:55.227 
7월 28, 2020 20:46:28.310 [Parent 8216, Gecko_IOThread] WARNING: file /builds/worker/checkouts/gecko/ipc/chromium/src/base/process_util_win.cc, line 166
7월 28, 2020 20:46:28.311 [Parent 8216, Gecko_IOThread] WARNING: file /builds/worker/checkouts/gecko/ipc/chromium/src/base/process_util_win.cc, line 166
7월 28, 2020 20:46:28.311 [Parent 8216, Gecko_IOThread] WARNING: file /builds/worker/checkouts/gecko/ipc/chromium/src/base/process_util_win.cc, line 166
7월 28, 2020 20:46:28.312 [Parent 8216, Gecko_IOThread] WARNING: file /builds/worker/checkouts/gecko/ipc/chromium/src/base/process_util_win.cc, line 166
7월 28, 2020 20:46:28.493 
7월 28, 2020 20:46:28.493 ###!!! [Child][RunMessage] Error: Channel closing: too late to send/recv, messages will be lost
7월 28, 2020 20:46:28.494 
7월 28, 2020 20:46:28.569 
7월 28, 2020 20:46:28.571 ###!!! [Child][MessageChannel::SendAndWait] Error: Channel error: cannot send/recv
7월 28, 2020 20:46:28.572 
7월 28, 2020 22:06:43.726 
7월 28, 2020 22:06:43.727 ###!!! [Child][MessageChannel::SendAndWait] Error: Channel error: cannot send/recv
7월 28, 2020 22:06:43.728 
7월 28, 2020 22:40:32.345 
7월 28, 2020 22:40:32.348 ###!!! [Child][MessageChannel::SendAndWait] Error: Channel error: cannot send/recv
7월 28, 2020 22:40:32.348 
7월 29, 2020 24:04:11.100 
7월 29, 2020 24:04:11.101 ###!!! [Child][MessageChannel::SendAndWait] Error: Channel error: cannot send/recv
7월 29, 2020 24:04:11.102 

7월 29, 2020 07:49:21.161 NEW SESSION
7월 29, 2020 07:49:21.161 
7월 29, 2020 07:49:21.162 ###!!! [Child][RunMessage] Error: Channel closing: too late to send/recv, messages will be lost
7월 29, 2020 07:49:21.163 
7월 29, 2020 07:49:21.227 
7월 29, 2020 07:49:21.229 ###!!! [Child][MessageChannel::SendAndWait] Error: Channel error: cannot send/recv
7월 29, 2020 07:49:21.230 

7월 29, 2020 11:52:44.856 NEW SESSION
7월 29, 2020 11:52:44.856 
7월 29, 2020 11:52:44.857 ###!!! [Child][RunMessage] Error: Channel closing: too late to send/recv, messages will be lost
7월 29, 2020 11:52:44.858 
7월 29, 2020 11:52:44.915 
7월 29, 2020 11:52:44.916 ###!!! [Child][MessageChannel::SendAndWait] Error: Channel error: cannot send/recv
7월 29, 2020 11:52:44.917 
7월 29, 2020 14:05:10.405 
7월 29, 2020 14:05:10.406 ###!!! [Child][MessageChannel::SendAndWait] Error: Channel error: cannot send/recv
7월 29, 2020 14:05:10.407 
7월 29, 2020 14:32:48.275 [Parent 20264, Gecko_IOThread] WARNING: file /builds/worker/checkouts/gecko/ipc/chromium/src/base/process_util_win.cc, line 166
7월 29, 2020 14:32:48.360 
7월 29, 2020 14:32:48.361 ###!!! [Child][RunMessage] Error: Channel closing: too late to send/recv, messages will be lost
7월 29, 2020 14:32:48.361 
7월 29, 2020 14:32:48.598 
7월 29, 2020 14:32:48.599 ###!!! [Child][MessageChannel::SendAndWait] Error: Channel error: cannot send/recv
7월 29, 2020 14:32:48.600 
7월 29, 2020 15:43:48.721 [Parent 15776, Gecko_IOThread] WARNING: file /builds/worker/checkouts/gecko/ipc/chromium/src/base/process_util_win.cc, line 166
7월 29, 2020 15:43:48.722 [Parent 15776, Gecko_IOThread] WARNING: file /builds/worker/checkouts/gecko/ipc/chromium/src/base/process_util_win.cc, line 166
7월 29, 2020 15:43:49.406 
7월 29, 2020 15:43:49.407 ###!!! [Child][MessageChannel::SendAndWait] Error: Channel error: cannot send/recv
7월 29, 2020 15:43:49.407 

7월 29, 2020 19:17:40.235 NEW SESSION
7월 29, 2020 19:17:40.235 
7월 29, 2020 19:17:40.239 ###!!! [Child][RunMessage] Error: Channel closing: too late to send/recv, messages will be lost
7월 29, 2020 19:17:40.240 
7월 29, 2020 19:17:40.327 
7월 29, 2020 19:17:40.328 ###!!! [Child][MessageChannel::SendAndWait] Error: Channel error: cannot send/recv
7월 29, 2020 19:17:40.329 
7월 29, 2020 19:25:51.92 [31320:8364:0729/192551.091:ERROR:data_pack.cc(120)] Could not open pak file for writing: 요청한 작업은, 사용자가 매핑한 구역이 열려 있는 상태인 파일에서 수행할 수 없습니다. (0x4C8)
7월 29, 2020 20:03:13.974 [14528:34608:0729/200313.973:ERROR:data_pack.cc(120)] Could not open pak file for writing: 요청한 작업은, 사용자가 매핑한 구역이 열려 있는 상태인 파일에서 수행할 수 없습니다. (0x4C8)
7월 29, 2020 20:47:26.636 
7월 29, 2020 20:47:26.637 ###!!! [Child][RunMessage] Error: Channel closing: too late to send/recv, messages will be lost
7월 29, 2020 20:47:26.638 
7월 29, 2020 20:47:26.687 
7월 29, 2020 20:47:26.688 ###!!! [Child][MessageChannel::SendAndWait] Error: Channel error: cannot send/recv
7월 29, 2020 20:47:26.690 

7월 30, 2020 14:08:20.11 NEW SESSION
7월 30, 2020 14:08:20.11 
7월 30, 2020 14:08:20.12 ###!!! [Child][RunMessage] Error: Channel closing: too late to send/recv, messages will be lost
7월 30, 2020 14:08:20.13 
7월 30, 2020 14:08:20.13 
7월 30, 2020 14:08:20.14 ###!!! [Child][RunMessage] Error: Channel closing: too late to send/recv, messages will be lost
7월 30, 2020 14:08:20.14 
7월 30, 2020 14:08:20.78 
7월 30, 2020 14:08:20.79 ###!!! [Child][MessageChannel::SendAndWait] Error: Channel error: cannot send/recv
7월 30, 2020 14:08:20.81 
7월 30, 2020 16:17:26.615 
7월 30, 2020 16:17:26.616 ###!!! [Child][RunMessage] Error: Channel closing: too late to send/recv, messages will be lost
7월 30, 2020 16:17:26.617 
7월 30, 2020 16:17:26.752 
7월 30, 2020 16:17:26.753 ###!!! [Child][MessageChannel::SendAndWait] Error: Channel error: cannot send/recv
7월 30, 2020 16:17:26.753 
7월 30, 2020 16:49:43.659 
7월 30, 2020 16:49:43.660 ###!!! [Child][RunMessage] Error: Channel closing: too late to send/recv, messages will be lost
7월 30, 2020 16:49:43.663 
7월 30, 2020 16:49:43.665 
7월 30, 2020 16:49:43.665 ###!!! [Child][RunMessage] Error: Channel closing: too late to send/recv, messages will be lost
7월 30, 2020 16:49:43.666 
7월 30, 2020 16:49:43.728 
7월 30, 2020 16:49:43.729 ###!!! [Child][MessageChannel::SendAndWait] Error: Channel error: cannot send/recv
7월 30, 2020 16:49:43.732 
7월 30, 2020 16:51:43.285 
7월 30, 2020 16:51:43.286 ###!!! [Child][RunMessage] Error: Channel closing: too late to send/recv, messages will be lost
7월 30, 2020 16:51:43.287 
7월 30, 2020 16:51:43.290 
7월 30, 2020 16:51:43.290 ###!!! [Child][RunMessage] Error: Channel closing: too late to send/recv, messages will be lost
7월 30, 2020 16:51:43.291 
7월 30, 2020 16:51:43.333 
7월 30, 2020 16:51:43.334 ###!!! [Child][MessageChannel::SendAndWait] Error: Channel error: cannot send/recv
7월 30, 2020 16:51:43.336 

7월 31, 2020 01:03:53.330 NEW SESSION
7월 31, 2020 01:03:53.330 
7월 31, 2020 01:03:53.331 ###!!! [Child][RunMessage] Error: Channel closing: too late to send/recv, messages will be lost
7월 31, 2020 01:03:53.331 
7월 31, 2020 01:03:53.332 
7월 31, 2020 01:03:53.332 ###!!! [Child][RunMessage] Error: Channel closing: too late to send/recv, messages will be lost
7월 31, 2020 01:03:53.333 
7월 31, 2020 01:03:53.338 [Parent 35612, Gecko_IOThread] WARNING: file /builds/worker/checkouts/gecko/ipc/chromium/src/base/process_util_win.cc, line 166
7월 31, 2020 01:03:53.408 
7월 31, 2020 01:03:53.409 ###!!! [Child][MessageChannel::SendAndWait] Error: Channel error: cannot send/recv
7월 31, 2020 01:03:53.412 
7월 31, 2020 01:07:10.579 
7월 31, 2020 01:07:10.580 ###!!! [Child][RunMessage] Error: Channel closing: too late to send/recv, messages will be lost
7월 31, 2020 01:07:10.580 
7월 31, 2020 01:07:10.581 
7월 31, 2020 01:07:10.582 ###!!! [Child][RunMessage] Error: Channel closing: too late to send/recv, messages will be lost
7월 31, 2020 01:07:10.583 
7월 31, 2020 01:07:10.662 
7월 31, 2020 01:07:10.663 ###!!! [Child][MessageChannel::SendAndWait] Error: Channel error: cannot send/recv
7월 31, 2020 01:07:10.666 

7월 31, 2020 09:24:01.694 NEW SESSION
7월 31, 2020 09:24:01.694 
7월 31, 2020 09:24:01.697 ###!!! [Child][RunMessage] Error: Channel closing: too late to send/recv, messages will be lost
7월 31, 2020 09:24:01.698 
7월 31, 2020 09:24:01.699 
7월 31, 2020 09:24:01.700 ###!!! [Child][RunMessage] Error: Channel closing: too late to send/recv, messages will be lost
7월 31, 2020 09:24:01.701 
7월 31, 2020 09:24:01.734 
7월 31, 2020 09:24:01.736 ###!!! [Child][MessageChannel::SendAndWait] Error: Channel error: cannot send/recv
7월 31, 2020 09:24:01.737 
7월 31, 2020 09:25:55.678 
7월 31, 2020 09:25:55.680 ###!!! [Child][MessageChannel::SendAndWait] Error: Channel error: cannot send/recv
7월 31, 2020 09:25:55.681 
7월 31, 2020 10:35:53.233 
7월 31, 2020 10:35:53.235 ###!!! [Child][RunMessage] Error: Channel closing: too late to send/recv, messages will be lost
7월 31, 2020 10:35:53.236 
7월 31, 2020 10:35:53.304 
7월 31, 2020 10:35:53.305 ###!!! [Child][MessageChannel::SendAndWait] Error: Channel error: cannot send/recv
7월 31, 2020 10:35:53.307 
7월 31, 2020 10:45:44.741 
7월 31, 2020 10:45:44.742 ###!!! [Child][RunMessage] Error: Channel closing: too late to send/recv, messages will be lost
7월 31, 2020 10:45:44.743 
7월 31, 2020 10:45:44.746 
7월 31, 2020 10:45:44.746 ###!!! [Child][RunMessage] Error: Channel closing: too late to send/recv, messages will be lost
7월 31, 2020 10:45:44.747 
7월 31, 2020 10:45:44.797 
7월 31, 2020 10:45:44.798 ###!!! [Child][MessageChannel::SendAndWait] Error: Channel error: cannot send/recv
7월 31, 2020 10:45:44.799 
7월 31, 2020 16:25:12.676 
7월 31, 2020 16:25:12.678 ###!!! [Child][MessageChannel::SendAndWait] Error: Channel error: cannot send/recv
7월 31, 2020 16:25:12.679 
8월 01, 2020 07:32:37.539 
8월 01, 2020 07:32:37.540 ###!!! [Child][RunMessage] Error: Channel closing: too late to send/recv, messages will be lost
8월 01, 2020 07:32:37.543 
8월 01, 2020 07:32:37.544 
8월 01, 2020 07:32:37.544 ###!!! [Child][RunMessage] Error: Channel closing: too late to send/recv, messages will be lost
8월 01, 2020 07:32:37.545 
8월 01, 2020 07:32:37.618 
8월 01, 2020 07:32:37.619 ###!!! [Child][MessageChannel::SendAndWait] Error: Channel error: cannot send/recv
8월 01, 2020 07:32:37.621 

8월 02, 2020 10:29:36.679 NEW SESSION
8월 02, 2020 10:29:36.679 
8월 02, 2020 10:29:36.680 ###!!! [Child][RunMessage] Error: Channel closing: too late to send/recv, messages will be lost
8월 02, 2020 10:29:36.681 
8월 02, 2020 10:29:36.702 [Parent 39460, Gecko_IOThread] WARNING: file /builds/worker/checkouts/gecko/ipc/chromium/src/base/process_util_win.cc, line 166
8월 02, 2020 10:29:36.757 
8월 02, 2020 10:29:36.757 ###!!! [Child][MessageChannel::SendAndWait] Error: Channel error: cannot send/recv
8월 02, 2020 10:29:36.758 
8월 02, 2020 10:29:50.347 
8월 02, 2020 10:29:50.348 ###!!! [Child][RunMessage] Error: Channel closing: too late to send/recv, messages will be lost
8월 02, 2020 10:29:50.349 
8월 02, 2020 10:29:50.782 
8월 02, 2020 10:29:50.783 ###!!! [Child][MessageChannel::SendAndWait] Error: Channel error: cannot send/recv
8월 02, 2020 10:29:50.784 
8월 02, 2020 10:39:56.09 
8월 02, 2020 10:39:56.10 ###!!! [Child][MessageChannel::SendAndWait] Error: Channel error: cannot send/recv
8월 02, 2020 10:39:56.12 
8월 02, 2020 10:51:57.61 
8월 02, 2020 10:51:57.62 ###!!! [Child][MessageChannel::SendAndWait] Error: Channel error: cannot send/recv
8월 02, 2020 10:51:57.62 
8월 02, 2020 11:01:39.973 [Parent 41460, Gecko_IOThread] WARNING: file /builds/worker/checkouts/gecko/ipc/chromium/src/base/process_util_win.cc, line 166
8월 02, 2020 11:01:39.974 [Parent 41460, Gecko_IOThread] WARNING: file /builds/worker/checkouts/gecko/ipc/chromium/src/base/process_util_win.cc, line 166
8월 02, 2020 11:01:40.248 
8월 02, 2020 11:01:40.250 ###!!! [Child][MessageChannel::SendAndWait] Error: Channel error: cannot send/recv
8월 02, 2020 11:01:40.251 

8월 03, 2020 17:22:46.558 NEW SESSION
8월 03, 2020 17:22:46.560 
8월 03, 2020 17:22:46.561 ###!!! [Child][MessageChannel::SendAndWait] Error: Channel error: cannot send/recv
8월 03, 2020 17:22:46.561 
8월 03, 2020 17:50:25.156 _create_dc_and_bitmap: 작업을 완료했습니다.
8월 03, 2020 17:50:25.157 
8월 03, 2020 19:25:23.206 [Parent 29072, Gecko_IOThread] WARNING: file /builds/worker/checkouts/gecko/ipc/chromium/src/base/process_util_win.cc, line 166
8월 03, 2020 19:25:23.208 [Parent 29072, Gecko_IOThread] WARNING: file /builds/worker/checkouts/gecko/ipc/chromium/src/base/process_util_win.cc, line 166
8월 03, 2020 19:25:23.512 
8월 03, 2020 19:25:23.513 ###!!! [Child][RunMessage] Error: Channel closing: too late to send/recv, messages will be lost
8월 03, 2020 19:25:23.514 
8월 03, 2020 19:25:23.597 
8월 03, 2020 19:25:23.598 ###!!! [Child][MessageChannel::SendAndWait] Error: Channel error: cannot send/recv
8월 03, 2020 19:25:23.599 
8월 03, 2020 19:31:40.264 
8월 03, 2020 19:31:40.265 ###!!! [Child][RunMessage] Error: Channel closing: too late to send/recv, messages will be lost
8월 03, 2020 19:31:40.266 
8월 03, 2020 19:31:40.281 [Parent 42332, Gecko_IOThread] WARNING: file /builds/worker/checkouts/gecko/ipc/chromium/src/base/process_util_win.cc, line 166
8월 03, 2020 19:31:40.340 
8월 03, 2020 19:31:40.342 ###!!! [Child][MessageChannel::SendAndWait] Error: Channel error: cannot send/recv
8월 03, 2020 19:31:40.344 
8월 03, 2020 19:45:11.273 [Parent 43772, Gecko_IOThread] WARNING: file /builds/worker/checkouts/gecko/ipc/chromium/src/base/process_util_win.cc, line 166
8월 03, 2020 19:45:11.274 [Parent 43772, Gecko_IOThread] WARNING: file /builds/worker/checkouts/gecko/ipc/chromium/src/base/process_util_win.cc, line 166
8월 03, 2020 19:45:11.482 
8월 03, 2020 19:45:11.483 ###!!! [Child][RunMessage] Error: Channel closing: too late to send/recv, messages will be lost
8월 03, 2020 19:45:11.483 
8월 03, 2020 19:45:11.544 
8월 03, 2020 19:45:11.545 ###!!! [Child][MessageChannel::SendAndWait] Error: Channel error: cannot send/recv
8월 03, 2020 19:45:11.547 
8월 03, 2020 20:28:56.818 
8월 03, 2020 20:28:56.822 ###!!! [Child][MessageChannel::SendAndWait] Error: Channel error: cannot send/recv
8월 03, 2020 20:28:56.822 

8월 04, 2020 09:25:50.491 NEW SESSION
8월 04, 2020 09:25:50.491 
8월 04, 2020 09:25:50.493 ###!!! [Child][RunMessage] Error: Channel closing: too late to send/recv, messages will be lost
8월 04, 2020 09:25:50.493 
8월 04, 2020 22:45:43.78 
8월 04, 2020 22:45:43.79 ###!!! [Child][RunMessage] Error: Channel closing: too late to send/recv, messages will be lost
8월 04, 2020 22:45:43.80 
8월 04, 2020 22:45:43.140 
8월 04, 2020 22:45:43.141 ###!!! [Child][MessageChannel::SendAndWait] Error: Channel error: cannot send/recv
8월 04, 2020 22:45:43.142 
8월 04, 2020 22:47:41.87 
8월 04, 2020 22:47:41.88 ###!!! [Child][RunMessage] Error: Channel closing: too late to send/recv, messages will be lost
8월 04, 2020 22:47:41.89 
8월 04, 2020 22:47:41.141 
8월 04, 2020 22:47:41.144 ###!!! [Child][MessageChannel::SendAndWait] Error: Channel error: cannot send/recv
8월 04, 2020 22:47:41.144 
8월 04, 2020 22:52:12.745 
8월 04, 2020 22:52:12.746 ###!!! [Child][RunMessage] Error: Channel closing: too late to send/recv, messages will be lost
8월 04, 2020 22:52:12.747 
8월 04, 2020 22:52:12.748 
8월 04, 2020 22:52:12.749 ###!!! [Child][RunMessage] Error: Channel closing: too late to send/recv, messages will be lost
8월 04, 2020 22:52:12.750 
8월 04, 2020 22:52:12.797 
8월 04, 2020 22:52:12.800 ###!!! [Child][MessageChannel::SendAndWait] Error: Channel error: cannot send/recv
8월 04, 2020 22:52:12.801 
8월 04, 2020 22:54:26.634 [Parent 40756, Gecko_IOThread] WARNING: file /builds/worker/checkouts/gecko/ipc/chromium/src/base/process_util_win.cc, line 166
8월 04, 2020 22:54:26.689 
8월 04, 2020 22:54:26.690 ###!!! [Child][MessageChannel::SendAndWait] Error: Channel error: cannot send/recv
8월 04, 2020 22:54:26.691 

8월 05, 2020 09:28:37.546 NEW SESSION
8월 05, 2020 09:28:37.546 
8월 05, 2020 09:28:37.547 ###!!! [Child][RunMessage] Error: Channel closing: too late to send/recv, messages will be lost
8월 05, 2020 09:28:37.548 
8월 05, 2020 09:28:37.548 
8월 05, 2020 09:28:37.549 ###!!! [Child][RunMessage] Error: Channel closing: too late to send/recv, messages will be lost
8월 05, 2020 09:28:37.550 
8월 05, 2020 09:28:37.841 
8월 05, 2020 09:28:37.842 ###!!! [Child][MessageChannel::SendAndWait] Error: Channel error: cannot send/recv
8월 05, 2020 09:28:37.843 
8월 05, 2020 09:42:00.541 
8월 05, 2020 09:42:00.542 ###!!! [Child][RunMessage] Error: Channel closing: too late to send/recv, messages will be lost
8월 05, 2020 09:42:00.543 
8월 05, 2020 09:42:00.544 
8월 05, 2020 09:42:00.544 ###!!! [Child][RunMessage] Error: Channel closing: too late to send/recv, messages will be lost
8월 05, 2020 09:42:00.545 
8월 05, 2020 09:42:00.575 [Parent 26864, Gecko_IOThread] WARNING: file /builds/worker/checkouts/gecko/ipc/chromium/src/base/process_util_win.cc, line 166
8월 05, 2020 09:42:00.628 
8월 05, 2020 09:42:00.630 ###!!! [Child][MessageChannel::SendAndWait] Error: Channel error: cannot send/recv
8월 05, 2020 09:42:00.631 
8월 05, 2020 12:06:37.441 
8월 05, 2020 12:06:37.442 ###!!! [Child][RunMessage] Error: Channel closing: too late to send/recv, messages will be lost
8월 05, 2020 12:06:37.442 
8월 05, 2020 12:06:37.506 
8월 05, 2020 12:06:37.507 ###!!! [Child][MessageChannel::SendAndWait] Error: Channel error: cannot send/recv
8월 05, 2020 12:06:37.508 
8월 05, 2020 12:10:47.127 
8월 05, 2020 12:10:47.128 ###!!! [Child][MessageChannel::SendAndWait] Error: Channel error: cannot send/recv
8월 05, 2020 12:10:47.128 
8월 05, 2020 12:11:40.136 
8월 05, 2020 12:11:40.137 ###!!! [Child][MessageChannel::SendAndWait] Error: Channel error: cannot send/recv
8월 05, 2020 12:11:40.138 
8월 05, 2020 12:12:08.658 
8월 05, 2020 12:12:08.659 ###!!! [Child][RunMessage] Error: Channel closing: too late to send/recv, messages will be lost
8월 05, 2020 12:12:08.660 
8월 05, 2020 12:12:08.660 
8월 05, 2020 12:12:08.661 ###!!! [Child][RunMessage] Error: Channel closing: too late to send/recv, messages will be lost
8월 05, 2020 12:12:08.662 
8월 05, 2020 12:12:08.672 [Parent 35936, Gecko_IOThread] WARNING: file /builds/worker/checkouts/gecko/ipc/chromium/src/base/process_util_win.cc, line 166
8월 05, 2020 12:12:08.711 
8월 05, 2020 12:12:08.712 ###!!! [Child][MessageChannel::SendAndWait] Error: Channel error: cannot send/recv
8월 05, 2020 12:12:08.713 
8월 05, 2020 12:12:57.521 
8월 05, 2020 12:12:57.522 ###!!! [Child][RunMessage] Error: Channel closing: too late to send/recv, messages will be lost
8월 05, 2020 12:12:57.523 
8월 05, 2020 12:12:57.524 
8월 05, 2020 12:12:57.525 ###!!! [Child][RunMessage] Error: Channel closing: too late to send/recv, messages will be lost
8월 05, 2020 12:12:57.525 
8월 05, 2020 12:12:57.531 [Parent 17104, Gecko_IOThread] WARNING: file /builds/worker/checkouts/gecko/ipc/chromium/src/base/process_util_win.cc, line 166
8월 05, 2020 12:12:57.585 
8월 05, 2020 12:12:57.587 ###!!! [Child][MessageChannel::SendAndWait] Error: Channel error: cannot send/recv
8월 05, 2020 12:12:57.588 
8월 05, 2020 12:14:03.815 [Parent 31020, Gecko_IOThread] WARNING: file /builds/worker/checkouts/gecko/ipc/chromium/src/base/process_util_win.cc, line 166
8월 05, 2020 12:14:03.856 
8월 05, 2020 12:14:03.858 ###!!! [Child][MessageChannel::SendAndWait] Error: Channel error: cannot send/recv
8월 05, 2020 12:14:03.860 
8월 05, 2020 12:19:30.179 
8월 05, 2020 12:19:30.180 ###!!! [Child][RunMessage] Error: Channel closing: too late to send/recv, messages will be lost
8월 05, 2020 12:19:30.180 
8월 05, 2020 12:19:30.181 
8월 05, 2020 12:19:30.182 ###!!! [Child][RunMessage] Error: Channel closing: too late to send/recv, messages will be lost
8월 05, 2020 12:19:30.182 
8월 05, 2020 12:19:30.249 
8월 05, 2020 12:19:30.251 ###!!! [Child][MessageChannel::SendAndWait] Error: Channel error: cannot send/recv
8월 05, 2020 12:19:30.254 
8월 05, 2020 22:27:33.675 
8월 05, 2020 22:27:33.675 ###!!! [Child][RunMessage] Error: Channel closing: too late to send/recv, messages will be lost
8월 05, 2020 22:27:33.677 
8월 05, 2020 22:27:33.730 
8월 05, 2020 22:27:33.732 ###!!! [Child][MessageChannel::SendAndWait] Error: Channel error: cannot send/recv
8월 05, 2020 22:27:33.736 
8월 05, 2020 23:25:47.669 
8월 05, 2020 23:25:47.675 ###!!! [Child][MessageChannel::SendAndWait] Error: Channel error: cannot send/recv
8월 05, 2020 23:25:47.676 
8월 06, 2020 03:52:56.263 [Parent 38084, Gecko_IOThread] WARNING: file /builds/worker/checkouts/gecko/ipc/chromium/src/base/process_util_win.cc, line 166
8월 06, 2020 03:52:56.539 
8월 06, 2020 03:52:56.540 ###!!! [Child][RunMessage] Error: Channel closing: too late to send/recv, messages will be lost
8월 06, 2020 03:52:56.540 
8월 06, 2020 03:52:56.592 
8월 06, 2020 03:52:56.593 ###!!! [Child][MessageChannel::SendAndWait] Error: Channel error: cannot send/recv
8월 06, 2020 03:52:56.594 
8월 06, 2020 04:15:45.935 
8월 06, 2020 04:15:45.936 ###!!! [Child][RunMessage] Error: Channel closing: too late to send/recv, messages will be lost
8월 06, 2020 04:15:45.937 
8월 06, 2020 04:15:45.994 
8월 06, 2020 04:15:45.995 ###!!! [Child][MessageChannel::SendAndWait] Error: Channel error: cannot send/recv
8월 06, 2020 04:15:45.997 

8월 06, 2020 12:49:41.00 NEW SESSION
8월 06, 2020 12:49:41.00 
8월 06, 2020 12:49:41.01 ###!!! [Child][RunMessage] Error: Channel closing: too late to send/recv, messages will be lost
8월 06, 2020 12:49:41.01 
8월 06, 2020 12:49:41.02 
8월 06, 2020 12:49:41.03 ###!!! [Child][RunMessage] Error: Channel closing: too late to send/recv, messages will be lost
8월 06, 2020 12:49:41.03 
8월 06, 2020 12:49:41.318 
8월 06, 2020 12:49:41.319 ###!!! [Child][MessageChannel::SendAndWait] Error: Channel error: cannot send/recv
8월 06, 2020 12:49:41.320 
8월 06, 2020 23:59:34.225 
8월 06, 2020 23:59:34.230 ###!!! [Child][MessageChannel::SendAndWait] Error: Channel error: cannot send/recv
8월 06, 2020 23:59:34.231 

8월 07, 2020 21:48:34.930 NEW SESSION
8월 07, 2020 21:48:34.930 
8월 07, 2020 21:48:34.931 ###!!! [Child][RunMessage] Error: Channel closing: too late to send/recv, messages will be lost
8월 07, 2020 21:48:34.932 
8월 07, 2020 21:48:34.936 
8월 07, 2020 21:48:34.937 ###!!! [Child][RunMessage] Error: Channel closing: too late to send/recv, messages will be lost
8월 07, 2020 21:48:34.937 
8월 07, 2020 21:48:34.968 [Parent 35536, Gecko_IOThread] WARNING: file /builds/worker/checkouts/gecko/ipc/chromium/src/base/process_util_win.cc, line 166
8월 07, 2020 21:48:35.211 
8월 07, 2020 21:48:35.211 ###!!! [Child][MessageChannel::SendAndWait] Error: Channel error: cannot send/recv
8월 07, 2020 21:48:35.212 
8월 07, 2020 22:28:38.734 
8월 07, 2020 22:28:38.735 ###!!! [Child][RunMessage] Error: Channel closing: too late to send/recv, messages will be lost
8월 07, 2020 22:28:38.735 
8월 07, 2020 22:28:38.737 
8월 07, 2020 22:28:38.739 ###!!! [Child][RunMessage] Error: Channel closing: too late to send/recv, messages will be lost
8월 07, 2020 22:28:38.740 
8월 07, 2020 22:28:38.789 
8월 07, 2020 22:28:38.790 ###!!! [Child][MessageChannel::SendAndWait] Error: Channel error: cannot send/recv
8월 07, 2020 22:28:38.793 
8월 07, 2020 22:36:21.765 
8월 07, 2020 22:36:21.766 ###!!! [Child][RunMessage] Error: Channel closing: too late to send/recv, messages will be lost
8월 07, 2020 22:36:21.767 
8월 07, 2020 22:36:21.816 
8월 07, 2020 22:36:21.819 ###!!! [Child][MessageChannel::SendAndWait] Error: Channel error: cannot send/recv
8월 07, 2020 22:36:21.820 
8월 07, 2020 22:37:12.526 
8월 07, 2020 22:37:12.527 ###!!! [Child][RunMessage] Error: Channel closing: too late to send/recv, messages will be lost
8월 07, 2020 22:37:12.528 
8월 07, 2020 22:37:12.585 
8월 07, 2020 22:37:12.586 ###!!! [Child][MessageChannel::SendAndWait] Error: Channel error: cannot send/recv
8월 07, 2020 22:37:12.587 
8월 07, 2020 22:39:50.484 
8월 07, 2020 22:39:50.485 ###!!! [Child][RunMessage] Error: Channel closing: too late to send/recv, messages will be lost
8월 07, 2020 22:39:50.486 
8월 07, 2020 22:39:50.536 
8월 07, 2020 22:39:50.538 ###!!! [Child][MessageChannel::SendAndWait] Error: Channel error: cannot send/recv
8월 07, 2020 22:39:50.539 
8월 07, 2020 22:40:07.618 
8월 07, 2020 22:40:07.618 ###!!! [Child][RunMessage] Error: Channel closing: too late to send/recv, messages will be lost
8월 07, 2020 22:40:07.619 
8월 07, 2020 22:40:07.648 [Parent 34056, Gecko_IOThread] WARNING: file /builds/worker/checkouts/gecko/ipc/chromium/src/base/process_util_win.cc, line 166
8월 07, 2020 22:40:07.708 
8월 07, 2020 22:40:07.709 ###!!! [Child][MessageChannel::SendAndWait] Error: Channel error: cannot send/recv
8월 07, 2020 22:40:07.709 

8월 08, 2020 06:10:43.464 NEW SESSION
8월 08, 2020 06:10:43.464 
8월 08, 2020 06:10:43.465 ###!!! [Child][RunMessage] Error: Channel closing: too late to send/recv, messages will be lost
8월 08, 2020 06:10:43.466 
8월 08, 2020 06:10:43.466 
8월 08, 2020 06:10:43.467 ###!!! [Child][RunMessage] Error: Channel closing: too late to send/recv, messages will be lost
8월 08, 2020 06:10:43.468 
8월 08, 2020 06:10:43.519 
8월 08, 2020 06:10:43.520 ###!!! [Child][MessageChannel::SendAndWait] Error: Channel error: cannot send/recv
8월 08, 2020 06:10:43.522 
8월 08, 2020 06:12:48.727 
8월 08, 2020 06:12:48.730 ###!!! [Child][MessageChannel::SendAndWait] Error: Channel error: cannot send/recv
8월 08, 2020 06:12:48.731 
8월 08, 2020 06:26:30.757 
8월 08, 2020 06:26:30.759 ###!!! [Child][RunMessage] Error: Channel closing: too late to send/recv, messages will be lost
8월 08, 2020 06:26:30.759 
8월 08, 2020 06:26:30.760 
8월 08, 2020 06:26:30.762 ###!!! [Child][RunMessage] Error: Channel closing: too late to send/recv, messages will be lost
8월 08, 2020 06:26:30.764 
8월 08, 2020 06:26:30.833 
8월 08, 2020 06:26:30.834 ###!!! [Child][MessageChannel::SendAndWait] Error: Channel error: cannot send/recv
8월 08, 2020 06:26:30.836 
8월 08, 2020 07:53:03.702 
8월 08, 2020 07:53:03.703 ###!!! [Child][RunMessage] Error: Channel closing: too late to send/recv, messages will be lost
8월 08, 2020 07:53:03.703 
8월 08, 2020 07:53:03.868 
8월 08, 2020 07:53:03.869 ###!!! [Child][RunMessage] Error: Channel closing: too late to send/recv, messages will be lost
8월 08, 2020 07:53:03.869 
8월 08, 2020 07:53:03.928 
8월 08, 2020 07:53:03.929 ###!!! [Child][MessageChannel::SendAndWait] Error: Channel error: cannot send/recv
8월 08, 2020 07:53:03.931 
8월 08, 2020 10:38:42.786 
8월 08, 2020 10:38:42.787 ###!!! [Child][RunMessage] Error: Channel closing: too late to send/recv, messages will be lost
8월 08, 2020 10:38:42.788 
8월 08, 2020 10:38:42.859 
8월 08, 2020 10:38:42.860 ###!!! [Child][MessageChannel::SendAndWait] Error: Channel error: cannot send/recv
8월 08, 2020 10:38:42.861 
8월 08, 2020 10:39:24.905 
8월 08, 2020 10:39:24.906 ###!!! [Child][RunMessage] Error: Channel closing: too late to send/recv, messages will be lost
8월 08, 2020 10:39:24.907 
8월 08, 2020 10:39:24.968 
8월 08, 2020 10:39:24.969 ###!!! [Child][MessageChannel::SendAndWait] Error: Channel error: cannot send/recv
8월 08, 2020 10:39:24.971 
8월 08, 2020 13:26:32.104 
8월 08, 2020 13:26:32.108 ###!!! [Child][MessageChannel::SendAndWait] Error: Channel error: cannot send/recv
8월 08, 2020 13:26:32.109 
8월 08, 2020 15:26:11.185 
8월 08, 2020 15:26:11.186 ###!!! [Child][RunMessage] Error: Channel closing: too late to send/recv, messages will be lost
8월 08, 2020 15:26:11.187 
8월 08, 2020 15:26:11.254 
8월 08, 2020 15:26:11.255 ###!!! [Child][MessageChannel::SendAndWait] Error: Channel error: cannot send/recv
8월 08, 2020 15:26:11.256 

8월 08, 2020 16:58:26.655 NEW SESSION
8월 08, 2020 16:58:26.656 
8월 08, 2020 16:58:26.656 ###!!! [Child][RunMessage] Error: Channel closing: too late to send/recv, messages will be lost
8월 08, 2020 16:58:26.657 
8월 08, 2020 16:58:26.693 [Parent 45720, Gecko_IOThread] WARNING: file /builds/worker/checkouts/gecko/ipc/chromium/src/base/process_util_win.cc, line 166
8월 08, 2020 16:58:26.754 
8월 08, 2020 16:58:26.756 ###!!! [Child][MessageChannel::SendAndWait] Error: Channel error: cannot send/recv
8월 08, 2020 16:58:26.758 
8월 08, 2020 17:15:44.661 
8월 08, 2020 17:15:44.662 ###!!! [Child][RunMessage] Error: Channel closing: too late to send/recv, messages will be lost
8월 08, 2020 17:15:44.663 
8월 08, 2020 17:15:44.664 
8월 08, 2020 17:15:44.665 ###!!! [Child][RunMessage] Error: Channel closing: too late to send/recv, messages will be lost
8월 08, 2020 17:15:44.665 
8월 08, 2020 17:15:44.753 
8월 08, 2020 17:15:44.754 ###!!! [Child][MessageChannel::SendAndWait] Error: Channel error: cannot send/recv
8월 08, 2020 17:15:44.755 
8월 08, 2020 17:18:59.606 
8월 08, 2020 17:18:59.607 ###!!! [Child][RunMessage] Error: Channel closing: too late to send/recv, messages will be lost
8월 08, 2020 17:18:59.608 
8월 08, 2020 17:18:59.619 [Parent 45288, Gecko_IOThread] WARNING: file /builds/worker/checkouts/gecko/ipc/chromium/src/base/process_util_win.cc, line 166
8월 08, 2020 17:18:59.671 
8월 08, 2020 17:18:59.673 ###!!! [Child][MessageChannel::SendAndWait] Error: Channel error: cannot send/recv
8월 08, 2020 17:18:59.673 
8월 08, 2020 17:22:49.866 
8월 08, 2020 17:22:49.866 ###!!! [Child][RunMessage] Error: Channel closing: too late to send/recv, messages will be lost
8월 08, 2020 17:22:49.867 
8월 08, 2020 17:22:49.869 
8월 08, 2020 17:22:49.869 ###!!! [Child][RunMessage] Error: Channel closing: too late to send/recv, messages will be lost
8월 08, 2020 17:22:49.870 
8월 08, 2020 17:22:49.928 
8월 08, 2020 17:22:49.929 ###!!! [Child][MessageChannel::SendAndWait] Error: Channel error: cannot send/recv
8월 08, 2020 17:22:49.930 

8월 09, 2020 01:41:35.240 NEW SESSION
8월 09, 2020 01:41:35.241 [Child 27404, Chrome_ChildThread] WARNING: pipe error: 232: file /builds/worker/checkouts/gecko/ipc/chromium/src/chrome/common/ipc_channel_win.cc, line 545
8월 09, 2020 02:22:31.979 [GFX1-]: Updating unknown shared surface: 42949673995
8월 09, 2020 02:22:31.980 IPDL protocol error: Handler returned error code!
8월 09, 2020 02:22:31.980 
8월 09, 2020 02:22:31.981 ###!!! [Parent][DispatchAsyncMessage] Error: PWebRenderBridge::Msg_UpdateResources Processing error: message was deserialized, but the handler returned false (indicating failure)
8월 09, 2020 02:22:31.982 
8월 09, 2020 03:49:27.328 
8월 09, 2020 03:49:27.329 ###!!! [Child][RunMessage] Error: Channel closing: too late to send/recv, messages will be lost
8월 09, 2020 03:49:27.330 
8월 09, 2020 03:49:27.418 
8월 09, 2020 03:49:27.419 ###!!! [Child][MessageChannel::SendAndWait] Error: Channel error: cannot send/recv
8월 09, 2020 03:49:27.420 

8월 09, 2020 04:22:36.428 NEW SESSION
8월 09, 2020 04:22:36.428 
8월 09, 2020 04:22:36.433 ###!!! [Child][RunMessage] Error: Channel closing: too late to send/recv, messages will be lost
8월 09, 2020 04:22:36.434 
8월 09, 2020 04:22:36.496 
8월 09, 2020 04:22:36.500 ###!!! [Child][MessageChannel::SendAndWait] Error: Channel error: cannot send/recv
8월 09, 2020 04:22:36.502 
8월 09, 2020 04:39:13.947 
8월 09, 2020 04:39:13.948 ###!!! [Child][RunMessage] Error: Channel closing: too late to send/recv, messages will be lost
8월 09, 2020 04:39:13.949 
8월 09, 2020 04:39:13.950 
8월 09, 2020 04:39:13.951 ###!!! [Child][RunMessage] Error: Channel closing: too late to send/recv, messages will be lost
8월 09, 2020 04:39:13.951 
8월 09, 2020 04:39:14.33 [Parent 43944, Gecko_IOThread] WARNING: file /builds/worker/checkouts/gecko/ipc/chromium/src/base/process_util_win.cc, line 166
8월 09, 2020 04:39:14.48 
8월 09, 2020 04:39:14.50 ###!!! [Child][MessageChannel::SendAndWait] Error: Channel error: cannot send/recv
8월 09, 2020 04:39:14.51 

8월 09, 2020 04:43:45.208 NEW SESSION
8월 09, 2020 04:43:45.208 
8월 09, 2020 04:43:45.209 ###!!! [Child][RunMessage] Error: Channel closing: too late to send/recv, messages will be lost
8월 09, 2020 04:43:45.210 
8월 09, 2020 04:43:45.211 
8월 09, 2020 04:43:45.212 ###!!! [Child][RunMessage] Error: Channel closing: too late to send/recv, messages will be lost
8월 09, 2020 04:43:45.212 
8월 09, 2020 04:43:45.273 
8월 09, 2020 04:43:45.274 ###!!! [Child][MessageChannel::SendAndWait] Error: Channel error: cannot send/recv
8월 09, 2020 04:43:45.277 
8월 09, 2020 04:47:34.133 
8월 09, 2020 04:47:34.139 ###!!! [Child][RunMessage] Error: Channel closing: too late to send/recv, messages will be lost
8월 09, 2020 04:47:34.139 
8월 09, 2020 04:47:34.140 
8월 09, 2020 04:47:34.140 ###!!! [Child][RunMessage] Error: Channel closing: too late to send/recv, messages will be lost
8월 09, 2020 04:47:34.141 
8월 09, 2020 04:47:34.204 
8월 09, 2020 04:47:34.208 ###!!! [Child][MessageChannel::SendAndWait] Error: Channel error: cannot send/recv
8월 09, 2020 04:47:34.209 
8월 09, 2020 05:02:07.739 
8월 09, 2020 05:02:07.740 ###!!! [Child][RunMessage] Error: Channel closing: too late to send/recv, messages will be lost
8월 09, 2020 05:02:07.745 
8월 09, 2020 05:02:07.804 
8월 09, 2020 05:02:07.805 ###!!! [Child][MessageChannel::SendAndWait] Error: Channel error: cannot send/recv
8월 09, 2020 05:02:07.808 
8월 09, 2020 05:09:30.725 
8월 09, 2020 05:09:30.726 ###!!! [Child][RunMessage] Error: Channel closing: too late to send/recv, messages will be lost
8월 09, 2020 05:09:30.727 
8월 09, 2020 05:09:30.792 
8월 09, 2020 05:09:30.794 ###!!! [Child][MessageChannel::SendAndWait] Error: Channel error: cannot send/recv
8월 09, 2020 05:09:30.795 

8월 09, 2020 09:41:21.976 NEW SESSION
8월 09, 2020 09:41:21.976 
8월 09, 2020 09:41:21.977 ###!!! [Child][MessageChannel::SendAndWait] Error: Channel error: cannot send/recv
8월 09, 2020 09:41:21.979 
8월 09, 2020 10:36:41.168 
8월 09, 2020 10:36:41.170 ###!!! [Child][MessageChannel::SendAndWait] Error: Channel error: cannot send/recv
8월 09, 2020 10:36:41.171 
8월 09, 2020 10:37:00.501 [Child 43000, Chrome_ChildThread] WARNING: pipe error: 232: file /builds/worker/checkouts/gecko/ipc/chromium/src/chrome/common/ipc_channel_win.cc, line 545
8월 09, 2020 10:38:39.952 
8월 09, 2020 10:38:39.953 ###!!! [Child][RunMessage] Error: Channel closing: too late to send/recv, messages will be lost
8월 09, 2020 10:38:39.954 
8월 09, 2020 10:38:39.955 
8월 09, 2020 10:38:39.955 ###!!! [Child][RunMessage] Error: Channel closing: too late to send/recv, messages will be lost
8월 09, 2020 10:38:39.956 
8월 09, 2020 10:38:39.970 [Parent 48444, Gecko_IOThread] WARNING: file /builds/worker/checkouts/gecko/ipc/chromium/src/base/process_util_win.cc, line 166
8월 09, 2020 10:38:40.35 
8월 09, 2020 10:38:40.36 ###!!! [Child][MessageChannel::SendAndWait] Error: Channel error: cannot send/recv
8월 09, 2020 10:38:40.37 
8월 09, 2020 10:38:57.612 
8월 09, 2020 10:38:57.613 ###!!! [Child][RunMessage] Error: Channel closing: too late to send/recv, messages will be lost
8월 09, 2020 10:38:57.615 
8월 09, 2020 10:40:19.603 
8월 09, 2020 10:40:19.604 ###!!! [Child][RunMessage] Error: Channel closing: too late to send/recv, messages will be lost
8월 09, 2020 10:40:19.605 
8월 09, 2020 10:40:19.605 
8월 09, 2020 10:40:19.606 ###!!! [Child][RunMessage] Error: Channel closing: too late to send/recv, messages will be lost
8월 09, 2020 10:40:19.607 
8월 09, 2020 10:40:19.692 
8월 09, 2020 10:40:19.694 ###!!! [Child][MessageChannel::SendAndWait] Error: Channel error: cannot send/recv
8월 09, 2020 10:40:19.696 
8월 09, 2020 10:46:48.316 
8월 09, 2020 10:46:48.317 ###!!! [Child][RunMessage] Error: Channel closing: too late to send/recv, messages will be lost
8월 09, 2020 10:46:48.318 
8월 09, 2020 10:46:48.414 
8월 09, 2020 10:46:48.415 ###!!! [Child][MessageChannel::SendAndWait] Error: Channel error: cannot send/recv
8월 09, 2020 10:46:48.416 
8월 09, 2020 11:31:08.447 
8월 09, 2020 11:31:08.448 ###!!! [Child][MessageChannel::SendAndWait] Error: Channel error: cannot send/recv
8월 09, 2020 11:31:08.449 
8월 09, 2020 12:27:20.682 
8월 09, 2020 12:27:20.684 ###!!! [Child][MessageChannel::SendAndWait] Error: Channel error: cannot send/recv
8월 09, 2020 12:27:20.686 
8월 09, 2020 13:45:07.706 
8월 09, 2020 13:45:07.707 ###!!! [Child][RunMessage] Error: Channel closing: too late to send/recv, messages will be lost
8월 09, 2020 13:45:07.708 
8월 09, 2020 13:45:07.801 
8월 09, 2020 13:45:07.802 ###!!! [Child][MessageChannel::SendAndWait] Error: Channel error: cannot send/recv
8월 09, 2020 13:45:07.803 
8월 09, 2020 16:20:43.568 
8월 09, 2020 16:20:43.569 ###!!! [Child][RunMessage] Error: Channel closing: too late to send/recv, messages will be lost
8월 09, 2020 16:20:43.570 
8월 09, 2020 16:20:43.571 
8월 09, 2020 16:20:43.571 ###!!! [Child][RunMessage] Error: Channel closing: too late to send/recv, messages will be lost
8월 09, 2020 16:20:43.572 
8월 09, 2020 16:20:43.904 
8월 09, 2020 16:20:43.904 ###!!! [Child][MessageChannel::SendAndWait] Error: Channel error: cannot send/recv
8월 09, 2020 16:20:43.905 
8월 09, 2020 16:22:14.619 
8월 09, 2020 16:22:14.620 ###!!! [Child][MessageChannel::SendAndWait] Error: Channel error: cannot send/recv
8월 09, 2020 16:22:14.621 

8월 09, 2020 19:43:05.856 NEW SESSION
8월 09, 2020 19:43:05.856 
8월 09, 2020 19:43:05.857 ###!!! [Child][RunMessage] Error: Channel closing: too late to send/recv, messages will be lost
8월 09, 2020 19:43:05.861 
8월 09, 2020 19:43:05.915 
8월 09, 2020 19:43:05.916 ###!!! [Child][MessageChannel::SendAndWait] Error: Channel error: cannot send/recv
8월 09, 2020 19:43:05.919 
8월 09, 2020 19:47:43.152 
8월 09, 2020 19:47:43.154 ###!!! [Child][RunMessage] Error: Channel closing: too late to send/recv, messages will be lost
8월 09, 2020 19:47:43.155 
8월 09, 2020 19:47:43.215 
8월 09, 2020 19:47:43.217 ###!!! [Child][MessageChannel::SendAndWait] Error: Channel error: cannot send/recv
8월 09, 2020 19:47:43.219 
8월 09, 2020 19:49:31.982 
8월 09, 2020 19:49:31.983 ###!!! [Child][RunMessage] Error: Channel closing: too late to send/recv, messages will be lost
8월 09, 2020 19:49:31.984 
8월 09, 2020 19:49:32.40 
8월 09, 2020 19:49:32.40 ###!!! [Child][MessageChannel::SendAndWait] Error: Channel error: cannot send/recv
8월 09, 2020 19:49:32.41 
8월 09, 2020 20:10:44.966 
8월 09, 2020 20:10:44.967 ###!!! [Child][RunMessage] Error: Channel closing: too late to send/recv, messages will be lost
8월 09, 2020 20:10:44.969 
8월 09, 2020 20:10:44.970 
8월 09, 2020 20:10:44.970 ###!!! [Child][RunMessage] Error: Channel closing: too late to send/recv, messages will be lost
8월 09, 2020 20:10:44.971 
8월 09, 2020 20:10:44.979 [Parent 47844, Gecko_IOThread] WARNING: file /builds/worker/checkouts/gecko/ipc/chromium/src/base/process_util_win.cc, line 166
8월 09, 2020 20:10:45.46 
8월 09, 2020 20:10:45.48 ###!!! [Child][MessageChannel::SendAndWait] Error: Channel error: cannot send/recv
8월 09, 2020 20:10:45.50 

8월 10, 2020 11:16:45.09 NEW SESSION
8월 10, 2020 11:16:45.09 
8월 10, 2020 11:16:45.10 ###!!! [Child][MessageChannel::SendAndWait] Error: Channel error: cannot send/recv
8월 10, 2020 11:16:45.11 

8월 10, 2020 14:18:07.186 NEW SESSION
8월 10, 2020 14:18:07.187 
8월 10, 2020 14:18:07.187 ###!!! [Child][MessageChannel::SendAndWait] Error: Channel error: cannot send/recv
8월 10, 2020 14:18:07.188 
8월 10, 2020 14:27:45.765 
8월 10, 2020 14:27:45.766 ###!!! [Child][RunMessage] Error: Channel closing: too late to send/recv, messages will be lost
8월 10, 2020 14:27:45.770 
8월 10, 2020 14:27:45.771 
8월 10, 2020 14:27:45.772 ###!!! [Child][RunMessage] Error: Channel closing: too late to send/recv, messages will be lost
8월 10, 2020 14:27:45.774 
8월 10, 2020 14:27:45.834 
8월 10, 2020 14:27:45.835 ###!!! [Child][MessageChannel::SendAndWait] Error: Channel error: cannot send/recv
8월 10, 2020 14:27:45.837 

8월 11, 2020 24:35:26.780 NEW SESSION
8월 11, 2020 24:35:26.780 
8월 11, 2020 24:35:26.782 ###!!! [Child][RunMessage] Error: Channel closing: too late to send/recv, messages will be lost
8월 11, 2020 24:35:26.783 
8월 11, 2020 24:35:26.840 
8월 11, 2020 24:35:26.841 ###!!! [Child][MessageChannel::SendAndWait] Error: Channel error: cannot send/recv
8월 11, 2020 24:35:26.842 

8월 11, 2020 05:10:03.680 NEW SESSION
8월 11, 2020 05:10:03.681 
8월 11, 2020 05:10:03.681 ###!!! [Child][RunMessage] Error: Channel closing: too late to send/recv, messages will be lost
8월 11, 2020 05:10:03.682 
8월 11, 2020 05:10:03.763 
8월 11, 2020 05:10:03.764 ###!!! [Child][MessageChannel::SendAndWait] Error: Channel error: cannot send/recv
8월 11, 2020 05:10:03.765 
8월 11, 2020 05:10:04.82 [GFX1-]: Receive IPC close with reason=AbnormalShutdown
8월 11, 2020 05:10:04.89 [Child 35512, Chrome_ChildThread] WARNING: pipe error: 232: file /builds/worker/checkouts/gecko/ipc/chromium/src/chrome/common/ipc_channel_win.cc, line 545
8월 11, 2020 05:36:35.235 
8월 11, 2020 05:36:35.236 ###!!! [Child][RunMessage] Error: Channel closing: too late to send/recv, messages will be lost
8월 11, 2020 05:36:35.236 
8월 11, 2020 05:36:35.300 
8월 11, 2020 05:36:35.302 ###!!! [Child][MessageChannel::SendAndWait] Error: Channel error: cannot send/recv
8월 11, 2020 05:36:35.303 
8월 11, 2020 10:37:29.876 
8월 11, 2020 10:37:29.879 ###!!! [Child][MessageChannel::SendAndWait] Error: Channel error: cannot send/recv
8월 11, 2020 10:37:29.881 
8월 11, 2020 11:40:17.396 
8월 11, 2020 11:40:17.398 ###!!! [Child][MessageChannel::SendAndWait] Error: Channel error: cannot send/recv
8월 11, 2020 11:40:17.398 

8월 11, 2020 22:25:27.634 NEW SESSION
8월 11, 2020 22:25:27.634 
8월 11, 2020 22:25:27.635 ###!!! [Child][RunMessage] Error: Channel closing: too late to send/recv, messages will be lost
8월 11, 2020 22:25:27.636 
8월 11, 2020 23:17:33.438 
8월 11, 2020 23:17:33.441 ###!!! [Child][MessageChannel::SendAndWait] Error: Channel error: cannot send/recv
8월 11, 2020 23:17:33.442 
8월 11, 2020 23:50:06.440 
8월 11, 2020 23:50:06.443 ###!!! [Child][MessageChannel::SendAndWait] Error: Channel error: cannot send/recv
8월 11, 2020 23:50:06.444 

8월 12, 2020 05:31:13.868 NEW SESSION
8월 12, 2020 05:31:13.868 
8월 12, 2020 05:31:13.869 ###!!! [Child][RunMessage] Error: Channel closing: too late to send/recv, messages will be lost
8월 12, 2020 05:31:13.870 
8월 12, 2020 05:31:13.929 
8월 12, 2020 05:31:13.930 ###!!! [Child][MessageChannel::SendAndWait] Error: Channel error: cannot send/recv
8월 12, 2020 05:31:13.931 
8월 12, 2020 06:22:03.782 
8월 12, 2020 06:22:03.783 ###!!! [Child][MessageChannel::SendAndWait] Error: Channel error: cannot send/recv
8월 12, 2020 06:22:03.784 
8월 12, 2020 10:16:25.372 
8월 12, 2020 10:16:25.373 ###!!! [Child][MessageChannel::SendAndWait] Error: Channel error: cannot send/recv
8월 12, 2020 10:16:25.375 
8월 12, 2020 12:03:26.83 
8월 12, 2020 12:03:26.87 ###!!! [Child][MessageChannel::SendAndWait] Error: Channel error: cannot send/recv
8월 12, 2020 12:03:26.89 

8월 16, 2020 19:44:07.491 NEW SESSION
8월 16, 2020 19:44:07.492 
8월 16, 2020 19:44:07.494 ###!!! [Child][MessageChannel::SendAndWait] Error: Channel error: cannot send/recv
8월 16, 2020 19:44:07.495 
8월 17, 2020 24:11:35.758 
8월 17, 2020 24:11:35.760 ###!!! [Child][MessageChannel::SendAndWait] Error: Channel error: cannot send/recv
8월 17, 2020 24:11:35.760 

8월 17, 2020 24:13:18.881 NEW SESSION
8월 17, 2020 24:13:18.881 
8월 17, 2020 24:13:18.882 ###!!! [Child][MessageChannel::SendAndWait] Error: Channel error: cannot send/recv
8월 17, 2020 24:13:18.883 
8월 17, 2020 24:15:09.321 
8월 17, 2020 24:15:09.321 ###!!! [Child][RunMessage] Error: Channel closing: too late to send/recv, messages will be lost
8월 17, 2020 24:15:09.322 
8월 17, 2020 24:15:09.641 
8월 17, 2020 24:15:09.642 ###!!! [Child][RunMessage] Error: Channel closing: too late to send/recv, messages will be lost
8월 17, 2020 24:15:09.643 
8월 17, 2020 24:15:09.688 
8월 17, 2020 24:15:09.688 ###!!! [Child][MessageChannel::SendAndWait] Error: Channel error: cannot send/recv
8월 17, 2020 24:15:09.689 
8월 17, 2020 24:15:53.659 
8월 17, 2020 24:15:53.660 ###!!! [Child][MessageChannel::SendAndWait] Error: Channel error: cannot send/recv
8월 17, 2020 24:15:53.661 
8월 17, 2020 22:01:19.673 
8월 17, 2020 22:01:19.675 ###!!! [Child][RunMessage] Error: Channel closing: too late to send/recv, messages will be lost
8월 17, 2020 22:01:19.676 
8월 17, 2020 22:01:19.780 
8월 17, 2020 22:01:19.781 ###!!! [Child][MessageChannel::SendAndWait] Error: Channel error: cannot send/recv
8월 17, 2020 22:01:19.782 

8월 18, 2020 22:16:05.415 NEW SESSION
8월 18, 2020 22:16:05.416 
8월 18, 2020 22:16:05.417 ###!!! [Child][RunMessage] Error: Channel closing: too late to send/recv, messages will be lost
8월 18, 2020 22:16:05.417 
8월 18, 2020 22:16:05.591 
8월 18, 2020 22:16:05.592 ###!!! [Child][MessageChannel::SendAndWait] Error: Channel error: cannot send/recv
8월 18, 2020 22:16:05.593 
8월 18, 2020 22:16:26.934 
8월 18, 2020 22:16:26.935 ###!!! [Child][RunMessage] Error: Channel closing: too late to send/recv, messages will be lost
8월 18, 2020 22:16:26.936 
8월 18, 2020 22:16:27.23 
8월 18, 2020 22:16:27.24 ###!!! [Child][MessageChannel::SendAndWait] Error: Channel error: cannot send/recv
8월 18, 2020 22:16:27.25 
8월 18, 2020 22:22:06.615 
8월 18, 2020 22:22:06.616 ###!!! [Child][MessageChannel::SendAndWait] Error: Channel error: cannot send/recv
8월 18, 2020 22:22:06.618 

8월 21, 2020 10:29:10.72 NEW SESSION
8월 21, 2020 10:29:10.72 
8월 21, 2020 10:29:10.73 ###!!! [Child][MessageChannel::SendAndWait] Error: Channel error: cannot send/recv
8월 21, 2020 10:29:10.74 

8월 24, 2020 14:44:10.671 NEW SESSION
8월 24, 2020 14:44:10.671 
8월 24, 2020 14:44:10.672 ###!!! [Child][MessageChannel::SendAndWait] Error: Channel error: cannot send/recv
8월 24, 2020 14:44:10.672 
8월 24, 2020 17:24:59.878 
8월 24, 2020 17:24:59.880 ###!!! [Child][RunMessage] Error: Channel closing: too late to send/recv, messages will be lost
8월 24, 2020 17:24:59.882 
8월 24, 2020 17:24:59.977 
8월 24, 2020 17:24:59.981 ###!!! [Child][MessageChannel::SendAndWait] Error: Channel error: cannot send/recv
8월 24, 2020 17:24:59.981 
8월 24, 2020 19:28:31.485 
8월 24, 2020 19:28:31.488 ###!!! [Child][RunMessage] Error: Channel closing: too late to send/recv, messages will be lost
8월 24, 2020 19:28:31.488 
8월 24, 2020 19:28:31.547 
8월 24, 2020 19:28:31.548 ###!!! [Child][MessageChannel::SendAndWait] Error: Channel error: cannot send/recv
8월 24, 2020 19:28:31.549 
8월 24, 2020 21:51:55.928 
8월 24, 2020 21:51:55.929 ###!!! [Child][RunMessage] Error: Channel closing: too late to send/recv, messages will be lost
8월 24, 2020 21:51:55.930 
8월 24, 2020 21:51:56.144 
8월 24, 2020 21:51:56.144 ###!!! [Child][MessageChannel::SendAndWait] Error: Channel error: cannot send/recv
8월 24, 2020 21:51:56.146 

8월 31, 2020 10:09:57.666 NEW SESSION
8월 31, 2020 10:09:57.666 [38076:23564:0831/100957.662:ERROR:data_pack.cc(120)] Could not open pak file for writing: 요청한 작업은, 사용자가 매핑한 구역이 열려 있는 상태인 파일에서 수행할 수 없습니다. (0x4C8)
8월 31, 2020 12:02:07.713 [36000:36048:0831/120207.711:ERROR:data_pack.cc(120)] Could not open pak file for writing: 요청한 작업은, 사용자가 매핑한 구역이 열려 있는 상태인 파일에서 수행할 수 없습니다. (0x4C8)
8월 31, 2020 12:06:51.609 [28112:14024:0831/120651.607:ERROR:data_pack.cc(120)] Could not open pak file for writing: 요청한 작업은, 사용자가 매핑한 구역이 열려 있는 상태인 파일에서 수행할 수 없습니다. (0x4C8)
8월 31, 2020 12:38:33.666 [28112:19656:0831/123833.665:ERROR:page_load_metrics_update_dispatcher.cc(165)] Invalid first_paint 0.585 s for first_image_paint 0.54 s
8월 31, 2020 12:38:34.668 [28112:19656:0831/123834.667:ERROR:page_load_metrics_update_dispatcher.cc(165)] Invalid first_paint 0.585 s for first_image_paint 0.54 s
8월 31, 2020 12:38:35.754 [28112:19656:0831/123835.753:ERROR:page_load_metrics_update_dispatcher.cc(165)] Invalid first_paint 0.585 s for first_image_paint 0.54 s
8월 31, 2020 12:38:37.518 [28112:19656:0831/123837.517:ERROR:page_load_metrics_update_dispatcher.cc(165)] Invalid first_paint 0.585 s for first_image_paint 0.54 s
8월 31, 2020 12:38:38.928 [28112:19656:0831/123838.928:ERROR:page_load_metrics_update_dispatcher.cc(165)] Invalid first_paint 0.585 s for first_image_paint 0.54 s
8월 31, 2020 12:38:45.174 [28112:19656:0831/123845.174:ERROR:page_load_metrics_update_dispatcher.cc(165)] Invalid first_paint 0.585 s for first_image_paint 0.54 s
8월 31, 2020 12:38:47.541 [28112:19656:0831/123847.540:ERROR:page_load_metrics_update_dispatcher.cc(165)] Invalid first_paint 0.585 s for first_image_paint 0.54 s
8월 31, 2020 12:38:50.660 [28112:19656:0831/123850.660:ERROR:page_load_metrics_update_dispatcher.cc(165)] Invalid first_paint 0.585 s for first_image_paint 0.54 s
8월 31, 2020 12:38:51.962 [28112:19656:0831/123851.961:ERROR:page_load_metrics_update_dispatcher.cc(165)] Invalid first_paint 0.585 s for first_image_paint 0.54 s
8월 31, 2020 12:38:55.368 [28112:19656:0831/123855.367:ERROR:page_load_metrics_update_dispatcher.cc(165)] Invalid first_paint 0.585 s for first_image_paint 0.54 s
8월 31, 2020 12:38:56.486 [28112:19656:0831/123856.486:ERROR:page_load_metrics_update_dispatcher.cc(165)] Invalid first_paint 0.585 s for first_image_paint 0.54 s
8월 31, 2020 12:38:57.728 [28112:19656:0831/123857.728:ERROR:page_load_metrics_update_dispatcher.cc(165)] Invalid first_paint 0.585 s for first_image_paint 0.54 s
8월 31, 2020 12:38:59.464 [28112:19656:0831/123859.463:ERROR:page_load_metrics_update_dispatcher.cc(165)] Invalid first_paint 0.585 s for first_image_paint 0.54 s
8월 31, 2020 12:39:00.589 [28112:19656:0831/123900.589:ERROR:page_load_metrics_update_dispatcher.cc(165)] Invalid first_paint 0.585 s for first_image_paint 0.54 s
8월 31, 2020 12:39:01.172 [28112:19656:0831/123901.171:ERROR:page_load_metrics_update_dispatcher.cc(165)] Invalid first_paint 0.585 s for first_image_paint 0.54 s
8월 31, 2020 12:40:46.650 [28112:19656:0831/124046.649:ERROR:page_load_metrics_update_dispatcher.cc(165)] Invalid first_paint 0.615 s for first_image_paint 0.6 s
8월 31, 2020 12:40:47.667 [28112:19656:0831/124047.666:ERROR:page_load_metrics_update_dispatcher.cc(165)] Invalid first_paint 0.615 s for first_image_paint 0.6 s
8월 31, 2020 12:40:48.184 [28112:19656:0831/124048.183:ERROR:page_load_metrics_update_dispatcher.cc(165)] Invalid first_paint 0.615 s for first_image_paint 0.6 s
8월 31, 2020 22:31:12.303 [28112:7836:0831/223112.299:ERROR:socket_stream.cc(219)] Closing stream with result -2
8월 31, 2020 22:56:21.627 [28112:7836:0831/225621.626:ERROR:connection_factory_impl.cc(420)] Failed to connect to MCS endpoint with error -105
8월 31, 2020 23:25:17.432 [28112:7836:0831/232517.431:ERROR:connection_factory_impl.cc(420)] Failed to connect to MCS endpoint with error -105

9월 06, 2020 23:56:36.990 NEW SESSION
9월 06, 2020 23:56:36.990 Can't find symbol 'eglSwapBuffersWithDamageEXT'.
9월 07, 2020 24:00:15.768 [GFX1-]: Updating unknown shared surface: 38654705689
9월 07, 2020 24:00:15.769 IPDL protocol error: Handler returned error code!
9월 07, 2020 24:00:15.770 
9월 07, 2020 24:00:15.771 ###!!! [Parent][DispatchAsyncMessage] Error: PWebRenderBridge::Msg_UpdateResources Processing error: message was deserialized, but the handler returned false (indicating failure)
9월 07, 2020 24:00:15.772 
